<?xml version="1.0" encoding="UTF-8"?>
<!-- Generated by org.testng.reporters.JUnitReportReporter -->
<testsuite skipped="0" hostname="zhangxiaofengdeMacBook-Pro.local" name="com.course.cases.getUserInfoTest" tests="1" failures="0" timestamp="21 Jan 2019 11:49:00 GMT" time="0.094" errors="0">
  <testcase name="getUserInfoTest" time="0.094" classname="com.course.cases.getUserInfoTest"/>
</testsuite> <!-- com.course.cases.getUserInfoTest -->
