<?xml version="1.0" encoding="UTF-8"?>
<!-- Generated by org.testng.reporters.JUnitReportReporter -->
<testsuite skipped="0" hostname="zhangxiaofengdeMacBook-Pro.local" name="com.course.cases.addUserTest" tests="1" failures="0" timestamp="21 Jan 2019 11:49:00 GMT" time="3.171" errors="0">
  <testcase name="addUserTest" time="3.171" classname="com.course.cases.addUserTest"/>
</testsuite> <!-- com.course.cases.addUserTest -->
