<?xml version="1.0" encoding="UTF-8"?>
<!-- Generated by org.testng.reporters.JUnitReportReporter -->
<testsuite skipped="0" hostname="zhangxiaofengdeMacBook-Pro.local" name="com.course.cases.updateUserInfoTest" tests="2" failures="0" timestamp="21 Jan 2019 11:49:00 GMT" time="6.272" errors="0">
  <testcase name="updateUserInfoTest" time="3.169" classname="com.course.cases.updateUserInfoTest"/>
  <testcase name="deleteUserInfoTest" time="3.103" classname="com.course.cases.updateUserInfoTest"/>
</testsuite> <!-- com.course.cases.updateUserInfoTest -->
