<?xml version="1.0" encoding="UTF-8"?>
<!-- Generated by org.testng.reporters.JUnitReportReporter -->
<testsuite skipped="0" hostname="zhangxiaofengdeMacBook-Pro.local" name="com.course.cases.getUserListTest" tests="1" failures="0" timestamp="21 Jan 2019 11:49:00 GMT" time="0.148" errors="0">
  <testcase name="getUserListTest" time="0.148" classname="com.course.cases.getUserListTest"/>
</testsuite> <!-- com.course.cases.getUserListTest -->
