<?xml version="1.0" encoding="UTF-8"?>
<!-- Generated by org.testng.reporters.JUnitReportReporter -->
<testsuite skipped="0" hostname="zhangxiaofengdeMacBook-Pro.local" name="com.course.cases.loginTest" tests="2" failures="0" timestamp="21 Jan 2019 11:49:00 GMT" time="1.367" errors="0">
  <testcase name="loginTrue" time="1.276" classname="com.course.cases.loginTest"/>
  <testcase name="loginFalse" time="0.091" classname="com.course.cases.loginTest"/>
</testsuite> <!-- com.course.cases.loginTest -->
