<?xml version="1.0" encoding="UTF-8" ?>
<testsuite tests="7" failures="0" name="TestSuite" time="12.577" errors="0" skipped="0">
  <properties>
    <property name="java.runtime.name" value="Java(TM) SE Runtime Environment"/>
    <property name="sun.boot.library.path" value="/Library/Java/JavaVirtualMachines/jdk1.8.0_40.jdk/Contents/Home/jre/lib"/>
    <property name="java.vm.version" value="25.40-b25"/>
    <property name="user.country.format" value="CN"/>
    <property name="gopherProxySet" value="false"/>
    <property name="java.vm.vendor" value="Oracle Corporation"/>
    <property name="java.vendor.url" value="http://java.oracle.com/"/>
    <property name="path.separator" value=":"/>
    <property name="java.vm.name" value="Java HotSpot(TM) 64-Bit Server VM"/>
    <property name="file.encoding.pkg" value="sun.io"/>
    <property name="user.country" value="US"/>
    <property name="sun.java.launcher" value="SUN_STANDARD"/>
    <property name="sun.os.patch.level" value="unknown"/>
    <property name="java.vm.specification.name" value="Java Virtual Machine Specification"/>
    <property name="user.dir" value="/Users/zhangxiaofeng/Documents/workspace/com.api.automation/AutoAPITest/Chapter12"/>
    <property name="java.runtime.version" value="1.8.0_40-b27"/>
    <property name="java.awt.graphicsenv" value="sun.awt.CGraphicsEnvironment"/>
    <property name="basedir" value="/Users/zhangxiaofeng/Documents/workspace/com.api.automation/AutoAPITest/Chapter12"/>
    <property name="java.endorsed.dirs" value="/Library/Java/JavaVirtualMachines/jdk1.8.0_40.jdk/Contents/Home/jre/lib/endorsed"/>
    <property name="os.arch" value="x86_64"/>
    <property name="surefire.real.class.path" value="/Users/zhangxiaofeng/Documents/workspace/com.api.automation/AutoAPITest/Chapter12/target/surefire/surefirebooter7942987488329080754.jar"/>
    <property name="java.io.tmpdir" value="/var/folders/2q/hmk5486s6_bb7dn9k88794pw0000gn/T/"/>
    <property name="line.separator" value="
"/>
    <property name="java.vm.specification.vendor" value="Oracle Corporation"/>
    <property name="os.name" value="Mac OS X"/>
    <property name="sun.jnu.encoding" value="UTF-8"/>
    <property name="java.library.path" value="/Users/zhangxiaofeng/Library/Java/Extensions:/Library/Java/Extensions:/Network/Library/Java/Extensions:/System/Library/Java/Extensions:/usr/lib/java:."/>
    <property name="surefire.test.class.path" value="/Users/zhangxiaofeng/Documents/workspace/com.api.automation/AutoAPITest/Chapter12/target/test-classes:/Users/zhangxiaofeng/Documents/workspace/com.api.automation/AutoAPITest/Chapter12/target/classes:/Users/zhangxiaofeng/.m2/repository/org/apache/httpcomponents/httpclient/4.5.6/httpclient-4.5.6.jar:/Users/zhangxiaofeng/.m2/repository/org/apache/httpcomponents/httpcore/4.4.10/httpcore-4.4.10.jar:/Users/zhangxiaofeng/.m2/repository/commons-codec/commons-codec/1.11/commons-codec-1.11.jar:/Users/zhangxiaofeng/.m2/repository/org/json/json/20170516/json-20170516.jar:/Users/zhangxiaofeng/.m2/repository/org/mybatis/mybatis/3.4.4/mybatis-3.4.4.jar:/Users/zhangxiaofeng/.m2/repository/mysql/mysql-connector-java/5.1.44/mysql-connector-java-5.1.44.jar:/Users/zhangxiaofeng/.m2/repository/org/projectlombok/lombok/1.18.4/lombok-1.18.4.jar:/Users/zhangxiaofeng/.m2/repository/com/relevantcodes/extentreports/2.41.1/extentreports-2.41.1.jar:/Users/zhangxiaofeng/.m2/repository/org/jsoup/jsoup/1.8.3/jsoup-1.8.3.jar:/Users/zhangxiaofeng/.m2/repository/org/xerial/sqlite-jdbc/3.25.2/sqlite-jdbc-3.25.2.jar:/Users/zhangxiaofeng/.m2/repository/org/freemarker/freemarker/2.3.28/freemarker-2.3.28.jar:/Users/zhangxiaofeng/.m2/repository/org/mongodb/mongodb-driver/3.8.2/mongodb-driver-3.8.2.jar:/Users/zhangxiaofeng/.m2/repository/org/mongodb/bson/3.8.2/bson-3.8.2.jar:/Users/zhangxiaofeng/.m2/repository/org/mongodb/mongodb-driver-core/3.8.2/mongodb-driver-core-3.8.2.jar:/Users/zhangxiaofeng/.m2/repository/com/vimalselvam/testng-extentsreport/1.3.1/testng-extentsreport-1.3.1.jar:/Users/zhangxiaofeng/.m2/repository/com/google/guava/guava/20.0/guava-20.0.jar:/Users/zhangxiaofeng/.m2/repository/com/aventstack/extentreports/3.0.6/extentreports-3.0.6.jar:/Users/zhangxiaofeng/.m2/repository/org/apache/httpcomponents/httpmime/4.5.6/httpmime-4.5.6.jar:/Users/zhangxiaofeng/.m2/repository/org/testng/testng/6.11/testng-6.11.jar:/Users/zhangxiaofeng/.m2/repository/com/beust/jcommander/1.64/jcommander-1.64.jar:/Users/zhangxiaofeng/.m2/repository/org/yaml/snakeyaml/1.23/snakeyaml-1.23.jar:/Users/zhangxiaofeng/.m2/repository/commons-logging/commons-logging/1.2/commons-logging-1.2.jar:/Users/zhangxiaofeng/.m2/repository/org/springframework/spring-tx/5.1.3.RELEASE/spring-tx-5.1.3.RELEASE.jar:/Users/zhangxiaofeng/.m2/repository/org/springframework/spring-beans/5.1.3.RELEASE/spring-beans-5.1.3.RELEASE.jar:/Users/zhangxiaofeng/.m2/repository/org/springframework/spring-core/5.1.3.RELEASE/spring-core-5.1.3.RELEASE.jar:/Users/zhangxiaofeng/.m2/repository/org/springframework/spring-jcl/5.1.3.RELEASE/spring-jcl-5.1.3.RELEASE.jar:"/>
    <property name="java.specification.name" value="Java Platform API Specification"/>
    <property name="java.class.version" value="52.0"/>
    <property name="sun.management.compiler" value="HotSpot 64-Bit Tiered Compilers"/>
    <property name="os.version" value="10.14.2"/>
    <property name="http.nonProxyHosts" value="local|*.local|169.254/16|*.169.254/16"/>
    <property name="user.home" value="/Users/zhangxiaofeng"/>
    <property name="user.timezone" value="Asia/Shanghai"/>
    <property name="java.awt.printerjob" value="sun.lwawt.macosx.CPrinterJob"/>
    <property name="java.specification.version" value="1.8"/>
    <property name="file.encoding" value="UTF-8"/>
    <property name="user.name" value="zhangxiaofeng"/>
    <property name="java.class.path" value="/Users/zhangxiaofeng/Documents/workspace/com.api.automation/AutoAPITest/Chapter12/target/test-classes:/Users/zhangxiaofeng/Documents/workspace/com.api.automation/AutoAPITest/Chapter12/target/classes:/Users/zhangxiaofeng/.m2/repository/org/apache/httpcomponents/httpclient/4.5.6/httpclient-4.5.6.jar:/Users/zhangxiaofeng/.m2/repository/org/apache/httpcomponents/httpcore/4.4.10/httpcore-4.4.10.jar:/Users/zhangxiaofeng/.m2/repository/commons-codec/commons-codec/1.11/commons-codec-1.11.jar:/Users/zhangxiaofeng/.m2/repository/org/json/json/20170516/json-20170516.jar:/Users/zhangxiaofeng/.m2/repository/org/mybatis/mybatis/3.4.4/mybatis-3.4.4.jar:/Users/zhangxiaofeng/.m2/repository/mysql/mysql-connector-java/5.1.44/mysql-connector-java-5.1.44.jar:/Users/zhangxiaofeng/.m2/repository/org/projectlombok/lombok/1.18.4/lombok-1.18.4.jar:/Users/zhangxiaofeng/.m2/repository/com/relevantcodes/extentreports/2.41.1/extentreports-2.41.1.jar:/Users/zhangxiaofeng/.m2/repository/org/jsoup/jsoup/1.8.3/jsoup-1.8.3.jar:/Users/zhangxiaofeng/.m2/repository/org/xerial/sqlite-jdbc/3.25.2/sqlite-jdbc-3.25.2.jar:/Users/zhangxiaofeng/.m2/repository/org/freemarker/freemarker/2.3.28/freemarker-2.3.28.jar:/Users/zhangxiaofeng/.m2/repository/org/mongodb/mongodb-driver/3.8.2/mongodb-driver-3.8.2.jar:/Users/zhangxiaofeng/.m2/repository/org/mongodb/bson/3.8.2/bson-3.8.2.jar:/Users/zhangxiaofeng/.m2/repository/org/mongodb/mongodb-driver-core/3.8.2/mongodb-driver-core-3.8.2.jar:/Users/zhangxiaofeng/.m2/repository/com/vimalselvam/testng-extentsreport/1.3.1/testng-extentsreport-1.3.1.jar:/Users/zhangxiaofeng/.m2/repository/com/google/guava/guava/20.0/guava-20.0.jar:/Users/zhangxiaofeng/.m2/repository/com/aventstack/extentreports/3.0.6/extentreports-3.0.6.jar:/Users/zhangxiaofeng/.m2/repository/org/apache/httpcomponents/httpmime/4.5.6/httpmime-4.5.6.jar:/Users/zhangxiaofeng/.m2/repository/org/testng/testng/6.11/testng-6.11.jar:/Users/zhangxiaofeng/.m2/repository/com/beust/jcommander/1.64/jcommander-1.64.jar:/Users/zhangxiaofeng/.m2/repository/org/yaml/snakeyaml/1.23/snakeyaml-1.23.jar:/Users/zhangxiaofeng/.m2/repository/commons-logging/commons-logging/1.2/commons-logging-1.2.jar:/Users/zhangxiaofeng/.m2/repository/org/springframework/spring-tx/5.1.3.RELEASE/spring-tx-5.1.3.RELEASE.jar:/Users/zhangxiaofeng/.m2/repository/org/springframework/spring-beans/5.1.3.RELEASE/spring-beans-5.1.3.RELEASE.jar:/Users/zhangxiaofeng/.m2/repository/org/springframework/spring-core/5.1.3.RELEASE/spring-core-5.1.3.RELEASE.jar:/Users/zhangxiaofeng/.m2/repository/org/springframework/spring-jcl/5.1.3.RELEASE/spring-jcl-5.1.3.RELEASE.jar:"/>
    <property name="java.vm.specification.version" value="1.8"/>
    <property name="sun.arch.data.model" value="64"/>
    <property name="java.home" value="/Library/Java/JavaVirtualMachines/jdk1.8.0_40.jdk/Contents/Home/jre"/>
    <property name="sun.java.command" value="/Users/zhangxiaofeng/Documents/workspace/com.api.automation/AutoAPITest/Chapter12/target/surefire/surefirebooter7942987488329080754.jar /Users/zhangxiaofeng/Documents/workspace/com.api.automation/AutoAPITest/Chapter12/target/surefire/surefire6605791377840152579tmp /Users/zhangxiaofeng/Documents/workspace/com.api.automation/AutoAPITest/Chapter12/target/surefire/surefire6980317674075653391tmp"/>
    <property name="java.specification.vendor" value="Oracle Corporation"/>
    <property name="user.language" value="en"/>
    <property name="awt.toolkit" value="sun.lwawt.macosx.LWCToolkit"/>
    <property name="java.vm.info" value="mixed mode"/>
    <property name="java.version" value="1.8.0_40"/>
    <property name="java.ext.dirs" value="/Users/zhangxiaofeng/Library/Java/Extensions:/Library/Java/JavaVirtualMachines/jdk1.8.0_40.jdk/Contents/Home/jre/lib/ext:/Library/Java/Extensions:/Network/Library/Java/Extensions:/System/Library/Java/Extensions:/usr/lib/java"/>
    <property name="sun.boot.class.path" value="/Library/Java/JavaVirtualMachines/jdk1.8.0_40.jdk/Contents/Home/jre/lib/resources.jar:/Library/Java/JavaVirtualMachines/jdk1.8.0_40.jdk/Contents/Home/jre/lib/rt.jar:/Library/Java/JavaVirtualMachines/jdk1.8.0_40.jdk/Contents/Home/jre/lib/sunrsasign.jar:/Library/Java/JavaVirtualMachines/jdk1.8.0_40.jdk/Contents/Home/jre/lib/jsse.jar:/Library/Java/JavaVirtualMachines/jdk1.8.0_40.jdk/Contents/Home/jre/lib/jce.jar:/Library/Java/JavaVirtualMachines/jdk1.8.0_40.jdk/Contents/Home/jre/lib/charsets.jar:/Library/Java/JavaVirtualMachines/jdk1.8.0_40.jdk/Contents/Home/jre/lib/jfr.jar:/Library/Java/JavaVirtualMachines/jdk1.8.0_40.jdk/Contents/Home/jre/classes"/>
    <property name="java.vendor" value="Oracle Corporation"/>
    <property name="localRepository" value="/Users/zhangxiaofeng/.m2/repository"/>
    <property name="file.separator" value="/"/>
    <property name="java.vendor.url.bug" value="http://bugreport.sun.com/bugreport/"/>
    <property name="sun.cpu.endian" value="little"/>
    <property name="sun.io.unicode.encoding" value="UnicodeBig"/>
    <property name="socksNonProxyHosts" value="local|*.local|169.254/16|*.169.254/16"/>
    <property name="ftp.nonProxyHosts" value="local|*.local|169.254/16|*.169.254/16"/>
    <property name="sun.cpu.isalist" value=""/>
  </properties>
  <testcase classname="com.course.cases.loginTest" name="loginTrue" time="1.278"/>
  <testcase classname="com.course.cases.loginTest" name="loginFalse" time="0.091"/>
  <testcase classname="com.course.cases.addUserTest" name="addUserTest" time="3.168"/>
  <testcase classname="com.course.cases.getUserListTest" name="getUserListTest" time="0.148"/>
  <testcase classname="com.course.cases.getUserInfoTest" name="getUserInfoTest" time="0.094"/>
  <testcase classname="com.course.cases.updateUserInfoTest" name="updateUserInfoTest" time="3.169"/>
  <testcase classname="com.course.cases.updateUserInfoTest" name="deleteUserInfoTest" time="3.103"/>
</testsuite>